2025-12-12 14:40:15 [main] INFO  org.testng.internal.Utils - [TestNG] Running:
  C:\Users\Wonder\AppData\Local\JetBrains\IdeaIC2024.3\temp-testng-customsuite.xml

2025-12-12 15:01:12 [main] INFO  org.testng.internal.Utils - [TestNG] Running:
  C:\Users\Wonder\AppData\Local\JetBrains\IdeaIC2024.3\temp-testng-customsuite.xml

2025-12-12 15:01:15 [main] INFO  com.tests.ecommerce.LoginTest - ✅ Token saved: eyJhbGciOiJIUzI1NiIsInR5cCI6IkpXVCJ9.eyJfaWQiOiI2OTA1ZDQyOGY2NjlkNmNiMGEzYTJkYTUiLCJ1c2VyRW1haWwiOiJ0aG9tYXN1a3V0dHk2QGdtYWlsLmNvbSIsInVzZXJNb2JpbGUiOjcwMzQ3MzY3MDcsInVzZXJSb2xlIjoiY3VzdG9tZXIiLCJpYXQiOjE3NjU1MzE4NzUsImV4cCI6MTc5NzA4OTQ3NX0.vbbuSYxBL6M0ynfCxt0z-26Vkfd-hNdoIHJGq9RvKY4
2025-12-12 15:01:15 [main] INFO  com.tests.ecommerce.LoginTest - ✅ User Id generated: 6905d428f669d6cb0a3a2da5
2025-12-12 15:01:15 [main] INFO  com.tests.ecommerce.LoginTest - ✅ Message:Login Successfully 
2025-12-12 15:02:01 [main] INFO  org.testng.internal.Utils - [TestNG] Running:
  C:\Users\Wonder\AppData\Local\JetBrains\IdeaIC2024.3\temp-testng-customsuite.xml

2025-12-12 15:02:03 [main] INFO  com.tests.ecommerce.LoginTest - ✅ Token saved: eyJhbGciOiJIUzI1NiIsInR5cCI6IkpXVCJ9.eyJfaWQiOiI2OTA1ZDQyOGY2NjlkNmNiMGEzYTJkYTUiLCJ1c2VyRW1haWwiOiJ0aG9tYXN1a3V0dHk2QGdtYWlsLmNvbSIsInVzZXJNb2JpbGUiOjcwMzQ3MzY3MDcsInVzZXJSb2xlIjoiY3VzdG9tZXIiLCJpYXQiOjE3NjU1MzE5MjMsImV4cCI6MTc5NzA4OTUyM30.i_nenjROEgC43cttOrgKG4UFO5p3rcNMs6vZM41lqVw
2025-12-12 15:02:03 [main] INFO  com.tests.ecommerce.LoginTest - ✅ User Id generated: 6905d428f669d6cb0a3a2da5
2025-12-12 15:02:03 [main] INFO  com.tests.ecommerce.LoginTest - ✅ Message:Login Successfully 
2025-12-12 15:02:04 [main] INFO  c.tests.ecommerce.CreateProductTest - ✅ Product added: 693be11432ed8658712ebe67
2025-12-12 15:02:04 [main] INFO  c.tests.ecommerce.CreateProductTest - ✅ Message: Product Added Successfully
2025-12-12 15:02:04 [main] INFO  com.tests.ecommerce.CreateOrderTest - ✅ Order added: 693be11432ed8658712ebe6b
2025-12-12 15:02:04 [main] INFO  com.tests.ecommerce.CreateOrderTest - ✅ Product: 693be11432ed8658712ebe67
2025-12-12 15:02:04 [main] INFO  com.tests.ecommerce.CreateOrderTest - ✅ Message: Order Placed Successfully
2025-12-12 15:02:04 [main] INFO  com.tests.ecommerce.GetOrderTest - ✅ _id: 693be11432ed8658712ebe6b
2025-12-12 15:02:04 [main] INFO  com.tests.ecommerce.GetOrderTest - ✅ orderById: 6905d428f669d6cb0a3a2da5
2025-12-12 15:02:04 [main] INFO  com.tests.ecommerce.GetOrderTest - ✅ orderBy: thomasukutty6@gmail.com
2025-12-12 15:02:04 [main] INFO  com.tests.ecommerce.GetOrderTest - ✅ productOrderedId: 693be11432ed8658712ebe67
2025-12-12 15:02:04 [main] INFO  com.tests.ecommerce.GetOrderTest - ✅ productName: qwerty
2025-12-12 15:02:04 [main] INFO  com.tests.ecommerce.GetOrderTest - ✅ country: British Indian Ocean Territory
2025-12-12 15:02:04 [main] INFO  com.tests.ecommerce.GetOrderTest - ✅ productDescription: Addias Originals
2025-12-12 15:02:04 [main] INFO  com.tests.ecommerce.GetOrderTest - ✅ productImage: https://rahulshettyacademy.com/api/ecom/uploads/productImage_1765531924347.jpeg
2025-12-12 15:02:04 [main] INFO  com.tests.ecommerce.GetOrderTest - ✅ orderPrice: 11500
2025-12-12 15:02:04 [main] INFO  com.tests.ecommerce.GetOrderTest - ✅ __v: 0
2025-12-12 15:02:04 [main] INFO  com.tests.ecommerce.GetOrderTest - ✅ message: Orders fetched for customer Successfully
2025-12-12 15:02:04 [main] INFO  com.tests.ecommerce.DeleteOrderTest - ✅ Message: Orders Deleted Successfully
2025-12-12 15:02:04 [main] INFO  c.tests.ecommerce.DeleteProductTest - ✅ Message: Product Deleted Successfully
